H.sapiens_PHKA2_phosphorylase_b_kinase_regulatory_subunit_alpha_l	99.356	1243	0	1	0.0	2563	H.sapiens_PHKA2_phosphorylase_b_kinase_regulatory_subunit_alpha_l
E.caballus_PHKA2_phosphorylase_b_kinase_regulatory_subunit_alpha_	94.988	1237	60	1	0.0	2361	E.caballus_PHKA2_phosphorylase_b_kinase_regulatory_subunit_alpha_
F.catus_PHKA2_phosphorylase_b_kinase_regulatory_subunit_alpha_liv	87.771	1292	99	7	0.0	2305	F.catus_PHKA2_phosphorylase_b_kinase_regulatory_subunit_alpha_liv
C.mydas_PHKA2_phosphorylase_b_kinase_regulatory_subunit_alpha_liv	83.670	1237	200	2	0.0	2134	C.mydas_PHKA2_phosphorylase_b_kinase_regulatory_subunit_alpha_liv
S.townsendi_PHKA2_phosphorylase_b_kinase_regulatory_subunit_alpha	82.310	1238	215	4	0.0	2080	S.townsendi_PHKA2_phosphorylase_b_kinase_regulatory_subunit_alpha
G.gallus_PHKA2_phosphorylase_b_kinase_regulatory_subunit_alpha_li	80.502	1236	225	4	0.0	2045	G.gallus_PHKA2_phosphorylase_b_kinase_regulatory_subunit_alpha_li
X.laevis_LOC108708020_phosphorylase_b_kinase_regulatory_subunit_a	78.837	1238	258	4	0.0	2040	X.laevis_LOC108708020_phosphorylase_b_kinase_regulatory_subunit_a
X.laevis_LOC108709337_phosphorylase_b_kinase_regulatory_subunit_a	77.868	1238	270	4	0.0	2010	X.laevis_LOC108709337_phosphorylase_b_kinase_regulatory_subunit_a
C.carcharias_LOC121290772_phosphorylase_b_kinase_regulatory_subun	73.937	1247	313	7	0.0	1899	C.carcharias_LOC121290772_phosphorylase_b_kinase_regulatory_subun
D.rerio_phka2_phosphorylase_b_kinase_regulatory_subunit_alpha_liv	73.167	1241	310	7	0.0	1838	D.rerio_phka2_phosphorylase_b_kinase_regulatory_subunit_alpha_liv
S.salar_LOC106574892_phosphorylase_b_kinase_regulatory_subunit_al	72.213	1256	307	10	0.0	1835	S.salar_LOC106574892_phosphorylase_b_kinase_regulatory_subunit_al
S.salar_LOC106574897_phosphorylase_b_kinase_regulatory_subunit_al	72.213	1256	307	10	0.0	1833	S.salar_LOC106574897_phosphorylase_b_kinase_regulatory_subunit_al
G.aculeatus_phka2_phosphorylase_b_kinase_regulatory_subunit_alpha	71.292	1254	328	11	0.0	1804	G.aculeatus_phka2_phosphorylase_b_kinase_regulatory_subunit_alpha
S.townsendi_PHKA1_phosphorylase_b_kinase_regulatory_subunit_alpha	68.810	1244	369	9	0.0	1747	S.townsendi_PHKA1_phosphorylase_b_kinase_regulatory_subunit_alpha
H.sapiens_PHKA1_phosphorylase_b_kinase_regulatory_subunit_alpha_s	68.871	1240	364	7	0.0	1725	H.sapiens_PHKA1_phosphorylase_b_kinase_regulatory_subunit_alpha_s
E.caballus_PHKA1_phosphorylase_b_kinase_regulatory_subunit_alpha_	68.145	1240	373	6	0.0	1718	E.caballus_PHKA1_phosphorylase_b_kinase_regulatory_subunit_alpha_
F.catus_PHKA1_phosphorylase_b_kinase_regulatory_subunit_alpha_ske	68.710	1240	381	6	0.0	1716	F.catus_PHKA1_phosphorylase_b_kinase_regulatory_subunit_alpha_ske
G.gallus_PHKA1_phosphorylase_b_kinase_regulatory_subunit_alpha_sk	65.758	1247	405	7	0.0	1691	G.gallus_PHKA1_phosphorylase_b_kinase_regulatory_subunit_alpha_sk
X.laevis_LOC108698269_phosphorylase_b_kinase_regulatory_subunit_a	65.906	1270	379	13	0.0	1686	X.laevis_LOC108698269_phosphorylase_b_kinase_regulatory_subunit_a
C.mydas_PHKA1_phosphorylase_b_kinase_regulatory_subunit_alpha_ske	66.504	1230	372	10	0.0	1682	C.mydas_PHKA1_phosphorylase_b_kinase_regulatory_subunit_alpha_ske
C.carcharias_phka1a_phosphorylase_b_kinase_regulatory_subunit_alp	65.487	1243	405	11	0.0	1653	C.carcharias_phka1a_phosphorylase_b_kinase_regulatory_subunit_alp
D.rerio_phka1a_phosphorylase_b_kinase_regulatory_subunit_alpha_sk	65.673	1241	411	9	0.0	1640	D.rerio_phka1a_phosphorylase_b_kinase_regulatory_subunit_alpha_sk
S.salar_phka1a_phosphorylase_b_kinase_regulatory_subunit_alpha_sk	64.630	1244	406	10	0.0	1620	S.salar_phka1a_phosphorylase_b_kinase_regulatory_subunit_alpha_sk
D.rerio_phka1b_phosphorylase_b_kinase_regulatory_subunit_alpha_sk	62.208	1241	403	13	0.0	1543	D.rerio_phka1b_phosphorylase_b_kinase_regulatory_subunit_alpha_sk
S.salar_LOC106602956_phosphorylase_b_kinase_regulatory_subunit_al	60.388	1237	429	9	0.0	1520	S.salar_LOC106602956_phosphorylase_b_kinase_regulatory_subunit_al
G.aculeatus_phka1a_LOW_QUALITY_PROTEIN_phosphorylase_b_kinase_reg	61.254	1244	451	14	0.0	1509	G.aculeatus_phka1a_LOW_QUALITY_PROTEIN_phosphorylase_b_kinase_reg
D.rerio_phkb_phosphorylase_b_kinase_regulatory_subunit_beta_isofo	40.317	630	350	6	6.41e-149	480	D.rerio_phkb_phosphorylase_b_kinase_regulatory_subunit_beta_isofo
X.laevis_phkb.S_phosphorylase_b_kinase_regulatory_subunit_beta_is	41.838	631	339	8	3.18e-148	478	X.laevis_phkb.S_phosphorylase_b_kinase_regulatory_subunit_beta_is
G.gallus_PHKB_phosphorylase_b_kinase_regulatory_subunit_beta_isof	41.046	631	344	9	1.71e-147	476	G.gallus_PHKB_phosphorylase_b_kinase_regulatory_subunit_beta_isof
H.sapiens_PHKB_phosphorylase_b_kinase_regulatory_subunit_beta_iso	40.335	657	362	9	2.58e-145	470	H.sapiens_PHKB_phosphorylase_b_kinase_regulatory_subunit_beta_iso
G.aculeatus_phkb_phosphorylase_b_kinase_regulatory_subunit_beta_i	40.794	630	347	7	3.78e-145	470	G.aculeatus_phkb_phosphorylase_b_kinase_regulatory_subunit_beta_i
S.salar_LOC106587291_phosphorylase_b_kinase_regulatory_subunit_be	39.079	673	383	7	4.88e-144	468	S.salar_LOC106587291_phosphorylase_b_kinase_regulatory_subunit_be
E.caballus_PHKB_phosphorylase_b_kinase_regulatory_subunit_beta	40.729	631	346	8	2.98e-143	465	E.caballus_PHKB_phosphorylase_b_kinase_regulatory_subunit_beta
F.catus_PHKB_phosphorylase_b_kinase_regulatory_subunit_beta_isofo	40.095	631	350	8	2.24e-142	462	F.catus_PHKB_phosphorylase_b_kinase_regulatory_subunit_beta_isofo
S.townsendi_PHKB_phosphorylase_b_kinase_regulatory_subunit_beta_i	41.204	631	343	8	1.63e-141	460	S.townsendi_PHKB_phosphorylase_b_kinase_regulatory_subunit_beta_i
C.carcharias_phkb_phosphorylase_b_kinase_regulatory_subunit_beta_	41.363	631	342	8	3.74e-141	459	C.carcharias_phkb_phosphorylase_b_kinase_regulatory_subunit_beta_
X.laevis_phkb.L_LOW_QUALITY_PROTEIN_phosphorylase_b_kinase_regula	40.600	633	346	9	1.09e-140	458	X.laevis_phkb.L_LOW_QUALITY_PROTEIN_phosphorylase_b_kinase_regula
S.salar_phkb_phosphorylase_b_kinase_regulatory_subunit_beta_isofo	39.079	673	383	7	6.03e-140	456	S.salar_phkb_phosphorylase_b_kinase_regulatory_subunit_beta_isofo
C.mydas_PHKB_phosphorylase_b_kinase_regulatory_subunit_beta_isofo	42.832	572	302	6	1.04e-139	455	C.mydas_PHKB_phosphorylase_b_kinase_regulatory_subunit_beta_isofo
D.rerio_phkb_phosphorylase_b_kinase_regulatory_subunit_beta_isofo	46.588	425	218	3	1.24e-122	390	D.rerio_phkb_phosphorylase_b_kinase_regulatory_subunit_beta_isofo
C.carcharias_LOC121286762_uncharacterized_protein_LOC121286762	27.642	123	74	4	0.28	38.9	C.carcharias_LOC121286762_uncharacterized_protein_LOC121286762
X.laevis_cacna1s.S_voltagedependent_Ltype_calcium_channel_subunit	33.824	68	42	1	1.1	37.0	X.laevis_cacna1s.S_voltagedependent_Ltype_calcium_channel_subunit
X.laevis_LOC108707491_voltagedependent_Ltype_calcium_channel_subu	33.333	69	43	1	1.1	37.0	X.laevis_LOC108707491_voltagedependent_Ltype_calcium_channel_subu
G.gallus_RABGAP1L_rab_GTPaseactivating_protein_1like_isoform_2	28.713	101	62	4	2.9	35.8	G.gallus_RABGAP1L_rab_GTPaseactivating_protein_1like_isoform_2
D.rerio_cacna1ba_calcium_channel_voltagedependent_N_type_alpha_1B	25.743	101	64	1	3.1	35.8	D.rerio_cacna1ba_calcium_channel_voltagedependent_N_type_alpha_1B
H.sapiens_NCAPD3_condensin2_complex_subunit_D3_isoform_3	29.762	84	57	1	3.8	35.4	H.sapiens_NCAPD3_condensin2_complex_subunit_D3_isoform_3
X.laevis_ecd.S_ecdysoneless_cell_cycle_regulator_S_homeolog_isofo	23.699	346	198	15	3.9	35.0	X.laevis_ecd.S_ecdysoneless_cell_cycle_regulator_S_homeolog_isofo
S.salar_LOC106568181_transcription_factor_RFX3like_isoform_X1	28.713	101	49	5	7.5	34.3	S.salar_LOC106568181_transcription_factor_RFX3like_isoform_X1
G.gallus_CACNA1B_voltagedependent_Ntype_calcium_channel_subunit_a	31.325	83	54	2	9.6	33.9	G.gallus_CACNA1B_voltagedependent_Ntype_calcium_channel_subunit_a
